<?xml version="1.0" encoding="UTF-8"?>
<!-- Generated by org.testng.reporters.JUnitReportReporter -->
<testsuite hostname="DESKTOP-OSUCQ8V" failures="0" tests="1" name="testCases.Login" time="0.003" errors="0" timestamp="2022-03-24T12:55:00 IST" skipped="0">
  <testcase classname="testCases.Login" name="f" time="0.003"/>
  <system-out/>
</testsuite> <!-- testCases.Login -->
