<?xml version="1.0" encoding="UTF-8"?>
<!-- Generated by org.testng.reporters.JUnitReportReporter -->
<testsuite hostname="DESKTOP-OSUCQ8V" failures="0" tests="2" name="testCases.CustomerCommunications" time="0.000" errors="0" timestamp="2022-03-25T21:07:43 IST" skipped="0">
  <testcase classname="testCases.CustomerCommunications" name="checkMobile" time="0.000"/>
  <system-out/>
  <testcase classname="testCases.CustomerCommunications" name="checkMail" time="0.000"/>
  <system-out/>
</testsuite> <!-- testCases.CustomerCommunications -->
