<?xml version="1.0" encoding="UTF-8"?>
<!-- Generated by org.testng.reporters.JUnitReportReporter -->
<testsuite hostname="DESKTOP-OSUCQ8V" failures="0" tests="2" name="testCases.BookingSearch" time="0.004" errors="0" timestamp="2022-03-25T21:07:43 IST" skipped="0">
  <testcase classname="testCases.BookingSearch" name="selectHotel" time="0.004"/>
  <system-out/>
  <testcase classname="testCases.BookingSearch" name="enterGuestInfo" time="0.000"/>
  <system-out/>
</testsuite> <!-- testCases.BookingSearch -->
